# JRE version: Java(TM) SE Runtime Environment (14.0.2+12) (build 14.0.2+12-46)
# Java VM: Java HotSpot(TM) 64-Bit Server VM (14.0.2+12-46, mixed mode, sharing, tiered, compressed oops, g1 gc, windows-amd64)
Heap:
 garbage-first heap   total 84992K, used 17718K [0x00000000c0000000, 0x0000000100000000)
  region size 1024K, 10 young (10240K), 5 survivors (5120K)
 Metaspace       used 17688K, capacity 18354K, committed 18432K, reserved 1064960K
  class space    used 2058K, capacity 2290K, committed 2304K, reserved 1048576K
GC Heap History (12 events):
Event: 0.479 GC heap before
{Heap before GC invocations=0 (full 0):
 garbage-first heap   total 65536K, used 6144K [0x00000000c0000000, 0x0000000100000000)
  region size 1024K, 6 young (6144K), 0 survivors (0K)
 Metaspace       used 1786K, capacity 5048K, committed 5120K, reserved 1056768K
  class space    used 177K, capacity 469K, committed 512K, reserved 1048576K
}
Event: 0.498 GC heap after
{Heap after GC invocations=1 (full 0):
 garbage-first heap   total 65536K, used 4386K [0x00000000c0000000, 0x0000000100000000)
  region size 1024K, 1 young (1024K), 1 survivors (1024K)
 Metaspace       used 1786K, capacity 5048K, committed 5120K, reserved 1056768K
  class space    used 177K, capacity 469K, committed 512K, reserved 1048576K
}
Event: 1.376 GC heap before
{Heap before GC invocations=1 (full 0):
 garbage-first heap   total 65536K, used 7458K [0x00000000c0000000, 0x0000000100000000)
  region size 1024K, 4 young (4096K), 1 survivors (1024K)
 Metaspace       used 4425K, capacity 5593K, committed 5760K, reserved 1056768K
  class space    used 483K, capacity 570K, committed 640K, reserved 1048576K
}
Event: 1.380 GC heap after
{Heap after GC invocations=2 (full 0):
 garbage-first heap   total 65536K, used 4952K [0x00000000c0000000, 0x0000000100000000)
  region size 1024K, 1 young (1024K), 1 survivors (1024K)
 Metaspace       used 4425K, capacity 5593K, committed 5760K, reserved 1056768K
  class space    used 483K, capacity 570K, committed 640K, reserved 1048576K
}
Event: 1.764 GC heap before
{Heap before GC invocations=2 (full 0):
 garbage-first heap   total 65536K, used 13144K [0x00000000c0000000, 0x0000000100000000)
  region size 1024K, 9 young (9216K), 1 survivors (1024K)
 Metaspace       used 6567K, capacity 7303K, committed 7552K, reserved 1056768K
  class space    used 715K, capacity 796K, committed 896K, reserved 1048576K
}
Event: 1.770 GC heap after
{Heap after GC invocations=3 (full 0):
 garbage-first heap   total 65536K, used 5668K [0x00000000c0000000, 0x0000000100000000)
  region size 1024K, 2 young (2048K), 2 survivors (2048K)
 Metaspace       used 6567K, capacity 7303K, committed 7552K, reserved 1056768K
  class space    used 715K, capacity 796K, committed 896K, reserved 1048576K
}
Event: 2.203 GC heap before
{Heap before GC invocations=3 (full 0):
 garbage-first heap   total 65536K, used 40484K [0x00000000c0000000, 0x0000000100000000)
  region size 1024K, 36 young (36864K), 2 survivors (2048K)
 Metaspace       used 7395K, capacity 7920K, committed 8064K, reserved 1056768K
  class space    used 766K, capacity 849K, committed 896K, reserved 1048576K
}
Event: 2.210 GC heap after
{Heap after GC invocations=4 (full 0):
 garbage-first heap   total 65536K, used 7575K [0x00000000c0000000, 0x0000000100000000)
  region size 1024K, 4 young (4096K), 4 survivors (4096K)
 Metaspace       used 7395K, capacity 7920K, committed 8064K, reserved 1056768K
  class space    used 766K, capacity 849K, committed 896K, reserved 1048576K
}
Event: 2.561 GC heap before
{Heap before GC invocations=4 (full 0):
 garbage-first heap   total 65536K, used 42391K [0x00000000c0000000, 0x0000000100000000)
  region size 1024K, 38 young (38912K), 4 survivors (4096K)
 Metaspace       used 7914K, capacity 8255K, committed 8320K, reserved 1056768K
  class space    used 814K, capacity 895K, committed 896K, reserved 1048576K
}
Event: 2.573 GC heap after
{Heap after GC invocations=5 (full 0):
 garbage-first heap   total 65536K, used 10020K [0x00000000c0000000, 0x0000000100000000)
  region size 1024K, 5 young (5120K), 5 survivors (5120K)
 Metaspace       used 7914K, capacity 8255K, committed 8320K, reserved 1056768K
  class space    used 814K, capacity 895K, committed 896K, reserved 1048576K
}
Event: 21.541 GC heap before
{Heap before GC invocations=5 (full 0):
 garbage-first heap   total 65536K, used 43812K [0x00000000c0000000, 0x0000000100000000)
  region size 1024K, 38 young (38912K), 5 survivors (5120K)
 Metaspace       used 17390K, capacity 18032K, committed 18176K, reserved 1064960K
  class space    used 2031K, capacity 2269K, committed 2304K, reserved 1048576K
}
Event: 21.559 GC heap after
{Heap after GC invocations=6 (full 0):
 garbage-first heap   total 84992K, used 13622K [0x00000000c0000000, 0x0000000100000000)
  region size 1024K, 5 young (5120K), 5 survivors (5120K)
 Metaspace       used 17390K, capacity 18032K, committed 18176K, reserved 1064960K
  class space    used 2031K, capacity 2269K, committed 2304K, reserved 1048576K
}

