# JRE version: Java(TM) SE Runtime Environment (14.0.2+12) (build 14.0.2+12-46)
# Java VM: Java HotSpot(TM) 64-Bit Server VM (14.0.2+12-46, mixed mode, sharing, tiered, compressed oops, g1 gc, windows-amd64)
Heap:
 garbage-first heap   total 55296K, used 43184K [0x00000000c0000000, 0x0000000100000000)
  region size 1024K, 25 young (25600K), 1 survivors (1024K)
 Metaspace       used 28657K, capacity 29541K, committed 29872K, reserved 1075200K
  class space    used 3120K, capacity 3461K, committed 3584K, reserved 1048576K
GC Heap History (20 events):
Event: 3926.809 GC heap before
{Heap before GC invocations=131 (full 0):
 garbage-first heap   total 55296K, used 47178K [0x00000000c0000000, 0x0000000100000000)
  region size 1024K, 27 young (27648K), 1 survivors (1024K)
 Metaspace       used 28615K, capacity 29477K, committed 29616K, reserved 1075200K
  class space    used 3120K, capacity 3461K, committed 3584K, reserved 1048576K
}
Event: 3926.810 GC heap after
{Heap after GC invocations=132 (full 0):
 garbage-first heap   total 55296K, used 20546K [0x00000000c0000000, 0x0000000100000000)
  region size 1024K, 1 young (1024K), 1 survivors (1024K)
 Metaspace       used 28615K, capacity 29477K, committed 29616K, reserved 1075200K
  class space    used 3120K, capacity 3461K, committed 3584K, reserved 1048576K
}
Event: 3927.005 GC heap before
{Heap before GC invocations=132 (full 0):
 garbage-first heap   total 55296K, used 47170K [0x00000000c0000000, 0x0000000100000000)
  region size 1024K, 27 young (27648K), 1 survivors (1024K)
 Metaspace       used 28617K, capacity 29541K, committed 29872K, reserved 1075200K
  class space    used 3120K, capacity 3461K, committed 3584K, reserved 1048576K
}
Event: 3927.006 GC heap after
{Heap after GC invocations=133 (full 0):
 garbage-first heap   total 55296K, used 20562K [0x00000000c0000000, 0x0000000100000000)
  region size 1024K, 1 young (1024K), 1 survivors (1024K)
 Metaspace       used 28617K, capacity 29541K, committed 29872K, reserved 1075200K
  class space    used 3120K, capacity 3461K, committed 3584K, reserved 1048576K
}
Event: 3927.202 GC heap before
{Heap before GC invocations=133 (full 0):
 garbage-first heap   total 55296K, used 47186K [0x00000000c0000000, 0x0000000100000000)
  region size 1024K, 27 young (27648K), 1 survivors (1024K)
 Metaspace       used 28619K, capacity 29541K, committed 29872K, reserved 1075200K
  class space    used 3120K, capacity 3461K, committed 3584K, reserved 1048576K
}
Event: 3927.204 GC heap after
{Heap after GC invocations=134 (full 0):
 garbage-first heap   total 55296K, used 20638K [0x00000000c0000000, 0x0000000100000000)
  region size 1024K, 1 young (1024K), 1 survivors (1024K)
 Metaspace       used 28619K, capacity 29541K, committed 29872K, reserved 1075200K
  class space    used 3120K, capacity 3461K, committed 3584K, reserved 1048576K
}
Event: 3927.249 GC heap before
{Heap before GC invocations=134 (full 0):
 garbage-first heap   total 55296K, used 47262K [0x00000000c0000000, 0x0000000100000000)
  region size 1024K, 27 young (27648K), 1 survivors (1024K)
 Metaspace       used 28621K, capacity 29541K, committed 29872K, reserved 1075200K
  class space    used 3120K, capacity 3461K, committed 3584K, reserved 1048576K
}
Event: 3927.251 GC heap after
{Heap after GC invocations=135 (full 0):
 garbage-first heap   total 55296K, used 20643K [0x00000000c0000000, 0x0000000100000000)
  region size 1024K, 1 young (1024K), 1 survivors (1024K)
 Metaspace       used 28621K, capacity 29541K, committed 29872K, reserved 1075200K
  class space    used 3120K, capacity 3461K, committed 3584K, reserved 1048576K
}
Event: 3927.294 GC heap before
{Heap before GC invocations=135 (full 0):
 garbage-first heap   total 55296K, used 47267K [0x00000000c0000000, 0x0000000100000000)
  region size 1024K, 27 young (27648K), 1 survivors (1024K)
 Metaspace       used 28621K, capacity 29541K, committed 29872K, reserved 1075200K
  class space    used 3120K, capacity 3461K, committed 3584K, reserved 1048576K
}
Event: 3927.296 GC heap after
{Heap after GC invocations=136 (full 0):
 garbage-first heap   total 55296K, used 20632K [0x00000000c0000000, 0x0000000100000000)
  region size 1024K, 1 young (1024K), 1 survivors (1024K)
 Metaspace       used 28621K, capacity 29541K, committed 29872K, reserved 1075200K
  class space    used 3120K, capacity 3461K, committed 3584K, reserved 1048576K
}
Event: 3927.333 GC heap before
{Heap before GC invocations=136 (full 0):
 garbage-first heap   total 55296K, used 45208K [0x00000000c0000000, 0x0000000100000000)
  region size 1024K, 26 young (26624K), 1 survivors (1024K)
 Metaspace       used 28621K, capacity 29541K, committed 29872K, reserved 1075200K
  class space    used 3120K, capacity 3461K, committed 3584K, reserved 1048576K
}
Event: 3927.335 GC heap after
{Heap after GC invocations=137 (full 0):
 garbage-first heap   total 55296K, used 20643K [0x00000000c0000000, 0x0000000100000000)
  region size 1024K, 1 young (1024K), 1 survivors (1024K)
 Metaspace       used 28621K, capacity 29541K, committed 29872K, reserved 1075200K
  class space    used 3120K, capacity 3461K, committed 3584K, reserved 1048576K
}
Event: 3927.377 GC heap before
{Heap before GC invocations=137 (full 0):
 garbage-first heap   total 55296K, used 45219K [0x00000000c0000000, 0x0000000100000000)
  region size 1024K, 26 young (26624K), 1 survivors (1024K)
 Metaspace       used 28622K, capacity 29541K, committed 29872K, reserved 1075200K
  class space    used 3120K, capacity 3461K, committed 3584K, reserved 1048576K
}
Event: 3927.379 GC heap after
{Heap after GC invocations=138 (full 0):
 garbage-first heap   total 55296K, used 20650K [0x00000000c0000000, 0x0000000100000000)
  region size 1024K, 1 young (1024K), 1 survivors (1024K)
 Metaspace       used 28622K, capacity 29541K, committed 29872K, reserved 1075200K
  class space    used 3120K, capacity 3461K, committed 3584K, reserved 1048576K
}
Event: 3927.417 GC heap before
{Heap before GC invocations=138 (full 0):
 garbage-first heap   total 55296K, used 45226K [0x00000000c0000000, 0x0000000100000000)
  region size 1024K, 26 young (26624K), 1 survivors (1024K)
 Metaspace       used 28623K, capacity 29541K, committed 29872K, reserved 1075200K
  class space    used 3120K, capacity 3461K, committed 3584K, reserved 1048576K
}
Event: 3927.419 GC heap after
{Heap after GC invocations=139 (full 0):
 garbage-first heap   total 55296K, used 20639K [0x00000000c0000000, 0x0000000100000000)
  region size 1024K, 1 young (1024K), 1 survivors (1024K)
 Metaspace       used 28623K, capacity 29541K, committed 29872K, reserved 1075200K
  class space    used 3120K, capacity 3461K, committed 3584K, reserved 1048576K
}
Event: 3927.461 GC heap before
{Heap before GC invocations=139 (full 0):
 garbage-first heap   total 55296K, used 45215K [0x00000000c0000000, 0x0000000100000000)
  region size 1024K, 26 young (26624K), 1 survivors (1024K)
 Metaspace       used 28623K, capacity 29541K, committed 29872K, reserved 1075200K
  class space    used 3120K, capacity 3461K, committed 3584K, reserved 1048576K
}
Event: 3927.463 GC heap after
{Heap after GC invocations=140 (full 0):
 garbage-first heap   total 55296K, used 20662K [0x00000000c0000000, 0x0000000100000000)
  region size 1024K, 1 young (1024K), 1 survivors (1024K)
 Metaspace       used 28623K, capacity 29541K, committed 29872K, reserved 1075200K
  class space    used 3120K, capacity 3461K, committed 3584K, reserved 1048576K
}
Event: 3928.182 GC heap before
{Heap before GC invocations=140 (full 0):
 garbage-first heap   total 55296K, used 45238K [0x00000000c0000000, 0x0000000100000000)
  region size 1024K, 26 young (26624K), 1 survivors (1024K)
 Metaspace       used 28628K, capacity 29541K, committed 29872K, reserved 1075200K
  class space    used 3120K, capacity 3461K, committed 3584K, reserved 1048576K
}
Event: 3928.183 GC heap after
{Heap after GC invocations=141 (full 0):
 garbage-first heap   total 55296K, used 20656K [0x00000000c0000000, 0x0000000100000000)
  region size 1024K, 1 young (1024K), 1 survivors (1024K)
 Metaspace       used 28628K, capacity 29541K, committed 29872K, reserved 1075200K
  class space    used 3120K, capacity 3461K, committed 3584K, reserved 1048576K
}

